[2017-05-31 09:02:52] main.CRITICAL: Exception: Deprecated Functionality: Function mcrypt_module_open() is deprecated in /Applications/MAMP/htdocs/maisondesfleurs/vendor/magento/framework/Encryption/Crypt.php on line 54 in /Applications/MAMP/htdocs/maisondesfleurs/vendor/magento/framework/App/ErrorHandler.php:61
Stack trace:
#0 /Applications/MAMP/htdocs/maisondesfleurs/vendor/magento/framework/Encryption/Crypt.php(54): Magento\Framework\App\ErrorHandler->handler(8192, 'Function mcrypt...', '/Applications/M...', 54, Array)
#1 /Applications/MAMP/htdocs/maisondesfleurs/vendor/magento/framework/Encryption/Encryptor.php(401): Magento\Framework\Encryption\Crypt->__construct('585d8741438ebe3...', 'blowfish', 'ecb', false)
#2 /Applications/MAMP/htdocs/maisondesfleurs/vendor/magento/framework/Encryption/Encryptor.php(313): Magento\Framework\Encryption\Encryptor->getCrypt('585d8741438ebe3...', 0, false)
#3 /Applications/MAMP/htdocs/maisondesfleurs/vendor/magento/module-config/Model/Config/Backend/Encrypted.php(109): Magento\Framework\Encryption\Encryptor->decrypt('PayPal')
#4 /Applications/MAMP/htdocs/maisondesfleurs/var/generation/Magento/Config/Model/Config/Backend/Encrypted/Interceptor.php(37): Magento\Config\Model\Config\Backend\Encrypted->processValue('PayPal')
#5 /Applications/MAMP/htdocs/maisondesfleurs/vendor/magento/framework/App/Config/MetadataConfigTypeProcessor.php(88): Magento\Config\Model\Config\Backend\Encrypted\Interceptor->processValue('PayPal')
#6 /Applications/MAMP/htdocs/maisondesfleurs/vendor/magento/framework/App/Config/MetadataConfigTypeProcessor.php(106): Magento\Framework\App\Config\MetadataConfigTypeProcessor->processScopeData(Array)
#7 /Applications/MAMP/htdocs/maisondesfleurs/vendor/magento/framework/App/Config/PostProcessorComposite.php(34): Magento\Framework\App\Config\MetadataConfigTypeProcessor->process(Array)
#8 /Applications/MAMP/htdocs/maisondesfleurs/var/generation/Magento/Framework/App/Config/PostProcessorComposite/Proxy.php(95): Magento\Framework\App\Config\PostProcessorComposite->process(Array)
#9 /Applications/MAMP/htdocs/maisondesfleurs/vendor/magento/module-config/App/Config/Type/System.php(166): Magento\Framework\App\Config\PostProcessorComposite\Proxy->process(Array)
#10 /Applications/MAMP/htdocs/maisondesfleurs/vendor/magento/module-config/App/Config/Type/System.php(112): Magento\Config\App\Config\Type\System->loadConfig()
#11 /Applications/MAMP/htdocs/maisondesfleurs/vendor/magento/framework/App/Config.php(139): Magento\Config\App\Config\Type\System->get('default/web/sec...')
#12 /Applications/MAMP/htdocs/maisondesfleurs/vendor/magento/framework/App/Config.php(90): Magento\Framework\App\Config->get('system', 'default/web/sec...')
#13 /Applications/MAMP/htdocs/maisondesfleurs/vendor/magento/framework/App/Config.php(103): Magento\Framework\App\Config->getValue('web/secure/use_...', 'default', NULL)
#14 /Applications/MAMP/htdocs/maisondesfleurs/vendor/magento/module-store/Model/HeaderProvider/Hsts.php(48): Magento\Framework\App\Config->isSetFlag('web/secure/use_...')
#15 /Applications/MAMP/htdocs/maisondesfleurs/vendor/magento/framework/App/Response/HeaderManager.php(41): Magento\Store\Model\HeaderProvider\Hsts->canApply()
#16 /Applications/MAMP/htdocs/maisondesfleurs/vendor/magento/framework/Interception/Interceptor.php(123): Magento\Framework\App\Response\HeaderManager->beforeSendResponse(Object(Magento\Framework\App\Response\Http\Interceptor))
#17 /Applications/MAMP/htdocs/maisondesfleurs/var/generation/Magento/Framework/App/Response/Http/Interceptor.php(117): Magento\Framework\App\Response\Http\Interceptor->___callPlugins('sendResponse', Array, Array)
#18 /Applications/MAMP/htdocs/maisondesfleurs/pub/errors/report.php(15): Magento\Framework\App\Response\Http\Interceptor->sendResponse()
#19 /Applications/MAMP/htdocs/maisondesfleurs/vendor/magento/framework/App/Http.php(324): require('/Applications/M...')
#20 /Applications/MAMP/htdocs/maisondesfleurs/vendor/magento/framework/App/Http.php(160): Magento\Framework\App\Http->handleGenericReport(Object(Magento\Framework\App\Bootstrap), Object(Exception))
#21 /Applications/MAMP/htdocs/maisondesfleurs/vendor/magento/framework/App/Bootstrap.php(263): Magento\Framework\App\Http->catchException(Object(Magento\Framework\App\Bootstrap), Object(Exception))
#22 /Applications/MAMP/htdocs/maisondesfleurs/index.php(39): Magento\Framework\App\Bootstrap->run(Object(Magento\Framework\App\Http))
#23 {main} [] []
